Arguments: 
  /home/andres/.nvm/versions/node/v12.2.0/bin/node /usr/share/yarn/bin/yarn.js start

PATH: 
  /home/andres/.nvm/versions/node/v12.2.0/bin:/home/andres/.local/bin:/usr/local/sbin:/usr/local/bin:/usr/sbin:/usr/bin:/sbin:/bin:/usr/games:/usr/local/games

Yarn version: 
  1.16.0

Node version: 
  12.2.0

Platform: 
  linux x64

Trace: 
  SyntaxError: /home/andres/Documents/fullstack-graphql-airbnb-clone/package.json: Unexpected token : in JSON at position 395
      at JSON.parse (<anonymous>)
      at /usr/share/yarn/lib/cli.js:1625:59
      at Generator.next (<anonymous>)
      at step (/usr/share/yarn/lib/cli.js:304:30)
      at /usr/share/yarn/lib/cli.js:315:13

npm manifest: 
  {
    "name": "@abb/app",
    "version": "1.0.0",
    "main": "__generated__/AppEntry.js",
    "scripts": {
      "start": "expo start --clear",
      "android": "expo start --android",
      "ios": "expo start --ios",
      "eject": "expo eject",
      "postinstall": "expo-yarn-workspaces postinstall"
    },
    "dependencies": {
      "expo": "^32.0.0",
      "react": "16.5.0",
      "react-native": "https://github.com/expo/react-native/archive/sdk-32.0.0.tar.gz"
    },
    "devDependencies": {
      "@types/expo": "^32.0.0",
      "@types/react-native": "^0.57.0",
      "babel-preset-expo": "^5.0.0",
      "expo-yarn-workspaces": "^1.2.0",
      "typescript": "^3.3.0"
    },
    "private": true
  }

yarn manifest: 
  No manifest

Lockfile: 
  No lockfile
